<?xml version="1.0" encoding="UTF-8"?>
<Site BuildName="Linux-x86_64-linux-gnu-g++-9"
	BuildStamp="20211220-0322-Experimental"
	Name="LAPTOP-TF4B6DKA"
	Generator="ctest-3.16.3"
	CompilerName="/bin/x86_64-linux-gnu-g++-9"
	CompilerVersion="9.3.0"
	OSName="Linux"
	Hostname="LAPTOP-TF4B6DKA"
	OSRelease="5.10.16.3-microsoft-standard-WSL2"
	OSVersion="#1 SMP Fri Apr 2 22:23:49 UTC 2021"
	OSPlatform="x86_64"
	Is64Bits="1"
	VendorString="GenuineIntel"
	VendorID="Intel Corporation"
	FamilyID="6"
	ModelID="142"
	ProcessorCacheSize="6144"
	NumberOfLogicalCPU="8"
	NumberOfPhysicalCPU="4"
	TotalVirtualMemory="2048"
	TotalPhysicalMemory="6220"
	LogicalProcessorsPerPhysical="2"
	ProcessorClockFrequency="1800.01"
	>
	<Testing>
		<StartDateTime>Dec 20 11:22 CST</StartDateTime>
		<StartTestTime>1639970531</StartTestTime>
		<TestList/>
		<EndDateTime>Dec 20 11:22 CST</EndDateTime>
		<EndTestTime>1639970531</EndTestTime>
		<ElapsedMinutes>0</ElapsedMinutes>
	</Testing>
</Site>
